2007-05-27 16:40:32,450: INFO     /bin/
2007-05-27 16:40:32,750: INFO     /favicon.ico
2007-05-27 16:40:36,719: INFO     /bin/;new_form
2007-05-30 15:18:09,220: INFO     /bin/
2007-05-30 15:18:09,800: INFO     /favicon.ico
2007-05-30 15:18:12,289: INFO     /bin/;new_form
2007-05-30 15:33:46,832: INFO     /bin/;new_form
2007-05-30 15:44:35,245: INFO     /bin/;new_form
2007-05-30 15:44:57,352: INFO     /bin/;new_form
2007-05-30 15:45:10,210: INFO     /bin/;new_form
2007-05-30 15:45:44,610: INFO     /bin/;new_form
2007-05-30 15:46:22,600: INFO     /bin/
2007-05-30 15:46:22,615: INFO     /bin/
2007-05-30 15:46:25,954: INFO     /bin/;new_form
2007-05-30 15:46:39,094: INFO     /bin/
2007-05-30 15:46:39,106: INFO     /bin/
2007-05-30 15:47:13,165: INFO     /bin/;new_form
2007-05-30 15:48:00,772: INFO     /bin/
2007-05-30 15:48:00,786: INFO     /bin/
2007-05-30 15:48:13,698: INFO     /bin/3
2007-05-30 15:49:49,134: INFO     /bin/3
2007-05-30 15:57:09,601: INFO     /bin/3
2007-05-30 15:58:30,270: INFO     /bin/3
2007-05-30 15:58:48,876: INFO     /bin/3
2007-05-30 15:58:49,581: INFO     /bin/3
2007-05-30 15:59:24,004: INFO     /bin/3
2007-05-30 15:59:45,875: INFO     /bin/3
2007-05-30 16:01:13,480: INFO     /bin/3
2007-05-30 16:01:29,968: INFO     /bin/3
2007-05-30 16:01:46,136: INFO     /bin/3
2007-05-30 16:04:26,362: INFO     /bin/
2007-05-30 16:04:27,322: INFO     /bin/;new_form
2007-05-30 16:04:58,664: INFO     /bin/;new_form
2007-05-30 16:05:11,015: INFO     /bin/
2007-05-30 16:05:11,027: INFO     /bin/
2007-05-30 16:05:47,187: INFO     /bin/3
2007-05-30 16:06:18,416: INFO     /bin/3
2007-05-30 16:06:47,963: INFO     /bin/
2007-05-30 16:06:49,650: INFO     /bin/;new_form
2007-05-30 16:07:08,565: INFO     /bin/
2007-05-30 16:07:08,583: INFO     /bin/
2007-05-30 16:08:20,493: INFO     /bin/
2007-05-30 16:08:21,046: INFO     /bin/
2007-05-30 16:08:26,277: INFO     /bin/1
2007-05-30 16:09:33,858: INFO     /bin/1
2007-05-30 16:10:38,936: INFO     /bin/1
2007-05-30 16:11:01,097: INFO     /bin/1
2007-05-30 16:13:16,761: INFO     /bin/
2007-05-30 16:13:55,078: INFO     /bin/
2007-05-30 16:14:00,925: INFO     /bin/;new_form
2007-05-30 16:15:06,596: INFO     /bin/1
2007-05-30 16:16:33,805: INFO     /bin/1
2007-05-30 16:16:36,248: INFO     /bin/1
2007-05-30 16:17:14,825: INFO     /bin/1
2007-05-30 16:18:55,352: INFO     /bin/
2007-05-30 16:18:56,669: INFO     /bin/;new_form
2007-05-30 16:19:40,745: INFO     /bin/
2007-05-30 16:19:40,761: INFO     /bin/
2007-05-30 16:19:43,247: INFO     /bin/2
2007-05-30 16:20:49,411: INFO     /bin/2
2007-05-30 16:24:07,240: INFO     /bin/2
2007-05-30 16:24:09,197: INFO     /bin/2
2007-05-30 16:24:18,803: INFO     /bin/2
2007-05-30 16:24:36,864: INFO     /bin/2
2007-05-30 16:28:44,992: INFO     /bin/2
2007-05-30 16:32:01,891: INFO     /bin/2
2007-05-30 16:32:22,630: INFO     /bin/
2007-05-30 16:32:23,790: INFO     /bin/1
2007-05-30 16:33:08,781: INFO     /bin/
2007-05-30 16:34:45,196: INFO     /bin/;new_form
2007-06-01 11:08:47,242: INFO     /bin/
2007-06-01 11:08:47,860: INFO     /favicon.ico
2007-06-01 11:08:49,986: INFO     /bin/1
2007-06-01 11:09:37,788: INFO     /bin/1
2007-06-01 11:09:43,049: INFO     /bin/1
2007-06-01 11:09:55,022: INFO     /bin/1
2007-06-01 11:09:56,934: INFO     /bin/1
2007-06-01 11:10:00,511: INFO     /bin/1
2007-06-01 11:12:51,786: INFO     /bin/
2007-06-01 11:12:52,554: INFO     /bin/;new_form
2007-06-01 11:14:57,389: INFO     /bin/
2007-06-01 11:17:11,387: INFO     /bin/
2007-06-01 11:19:07,145: INFO     /bin/
2007-06-01 11:19:19,774: INFO     /bin/
2007-06-01 11:20:33,577: INFO     /bin/
2007-06-01 11:20:33,590: INFO     /bin/
2007-06-01 11:20:43,948: INFO     /bin/2
2007-06-01 11:20:49,893: INFO     /bin/3
2007-06-01 11:20:56,698: INFO     /bin/2
2007-06-01 11:21:06,542: INFO     /bin/4
2007-06-01 11:21:08,964: INFO     /bin/1
2007-06-01 11:21:47,684: INFO     /bin/
2007-06-01 11:21:54,676: INFO     /bin/;get_new_form
2007-06-01 11:22:01,655: INFO     /bin/;new_form
2007-06-01 11:22:11,380: INFO     /bin/
2007-06-01 11:22:11,398: INFO     /bin/
2007-06-01 11:49:28,024: INFO     /bin/
2007-06-01 11:49:32,019: INFO     /bin/
2007-06-01 11:49:32,030: INFO     /bin/
2007-06-01 11:52:48,564: INFO     /bin/
2007-06-01 11:52:48,629: INFO     /bin/
2007-06-01 11:53:46,879: INFO     /bin/
2007-06-01 11:54:36,502: INFO     /bin/
2007-06-01 11:54:41,052: INFO     /bin/
2007-06-01 11:54:41,067: INFO     /bin/
2007-06-01 11:55:48,056: INFO     /bin/
2007-06-01 11:55:48,168: INFO     /bin/
2007-06-01 11:56:57,519: INFO     /bin/
2007-06-01 11:56:57,613: INFO     /bin/9
2007-06-01 11:57:59,577: INFO     /bin/
2007-06-01 11:58:19,613: INFO     /bin/
2007-06-01 11:58:19,661: INFO     /bin/10
2007-06-01 12:10:18,257: INFO     /bin/
2007-06-01 12:14:47,419: INFO     /bin/9
2007-06-01 12:14:52,425: INFO     /bin/9;edit_form
2007-06-01 12:16:56,174: INFO     /bin/9;edit_form
2007-06-01 12:17:06,567: INFO     /bin/9;edit_form
2007-06-01 12:17:52,665: INFO     /bin/9
2007-06-01 12:17:58,038: INFO     /bin/3
2007-06-01 12:18:04,978: INFO     /bin/
